e:\c++\graphics\tengine\debug\vc120.pdb
e:\c++\graphics\tengine\debug\vc120.idb
e:\c++\graphics\tengine\debug\camera2d.obj
e:\c++\graphics\tengine\debug\errors.obj
e:\c++\graphics\tengine\debug\glslprogram.obj
e:\c++\graphics\tengine\debug\imageloader.obj
e:\c++\graphics\tengine\debug\iomanager.obj
e:\c++\graphics\tengine\debug\picopng.obj
e:\c++\graphics\tengine\debug\resourcemanager.obj
e:\c++\graphics\tengine\debug\sprite.obj
e:\c++\graphics\tengine\debug\spritebatch.obj
e:\c++\graphics\tengine\debug\tengine.obj
e:\c++\graphics\tengine\debug\texturecache.obj
e:\c++\graphics\tengine\debug\window.obj
e:\c++\graphics\debug\tengine.lib
e:\c++\graphics\tengine\debug\tengine.tlog\cl.read.1.tlog
e:\c++\graphics\tengine\debug\tengine.tlog\cl.write.1.tlog
e:\c++\graphics\tengine\debug\tengine.tlog\cl.command.1.tlog
e:\c++\graphics\tengine\debug\tengine.tlog\lib-link.read.1.tlog
e:\c++\graphics\tengine\debug\tengine.tlog\lib-link.write.1.tlog
e:\c++\graphics\tengine\debug\tengine.tlog\lib.command.1.tlog
